===================== 2023-05-16 21:47:18 ==============
{"op":"guardaryeditar"}
===================== 2023-05-16 21:47:19 ==============
{"idEmpleado":"","nombre":"gabi","primerApellido":"Ordo\u00f1ez","segundoApellido":"","email":"edgra.ordonez@gmail.com","fechaEntrada":"2023-05-12","fechaBaja":"","idDepartamento":"1","usr":"gab i","pwd":"admi","fotoActual":""}
===================== 2023-05-16 21:47:19 ==============
{"foto":{"name":"","full_path":"","type":"","tmp_name":"","error":4,"size":0}}
===================== 2023-05-16 21:53:30 ==============
{"op":"guardaryeditar"}
===================== 2023-05-16 21:53:30 ==============
{"idEmpleado":"","nombre":"Edgar","primerApellido":"Canizalez","segundoApellido":"","email":"Edgard4532@gmail.com","fechaEntrada":"2023-05-10","fechaBaja":"","idDepartamento":"1","usr":"ned","pwd":"admin","fotoActual":""}
===================== 2023-05-16 21:53:30 ==============
{"foto":{"name":"avatar5.png","full_path":"avatar5.png","type":"image\/png","tmp_name":"D:\\xampp\\tmp\\php3F0C.tmp","error":0,"size":7587}}
===================== 2023-05-16 22:10:32 ==============
{"op":"guardaryeditar"}
===================== 2023-05-16 22:10:32 ==============
{"idEmpleado":"","nombre":"gabriel","primerApellido":"Ordo\u00f1ez","segundoApellido":"","email":"edgra.ordonez@gmail.com","fechaEntrada":"2023-05-09","fechaBaja":"","idDepartamento":"2","esJefe":"on","usr":"admin","pwd":"admin","fotoActual":""}
===================== 2023-05-16 22:10:32 ==============
{"foto":{"name":"avatar5.png","full_path":"avatar5.png","type":"image\/png","tmp_name":"D:\\xampp\\tmp\\phpD6E0.tmp","error":0,"size":7587}}
===================== 2023-05-19 04:09:57 ==============
{"op":"listar","_":"1684462197654"}
===================== 2023-05-19 04:09:57 ==============
[]
===================== 2023-05-19 04:09:57 ==============
[]
===================== 2023-05-19 04:11:42 ==============
{"op":"listar","_":"1684462302318"}
===================== 2023-05-19 04:11:42 ==============
[]
===================== 2023-05-19 04:11:42 ==============
[]
===================== 2023-05-19 04:13:09 ==============
{"op":"listar","_":"1684462388640"}
===================== 2023-05-19 04:13:09 ==============
[]
===================== 2023-05-19 04:13:09 ==============
[]
===================== 2023-05-19 04:13:47 ==============
{"op":"listar","_":"1684462427596"}
===================== 2023-05-19 04:13:47 ==============
[]
===================== 2023-05-19 04:13:47 ==============
[]
===================== 2023-05-19 04:16:14 ==============
{"op":"guardaryeditar"}
===================== 2023-05-19 04:16:14 ==============
{"idEmpleado":"","nombre":"Edgar","primerApellido":"Ordo\u00f1ez","segundoApellido":"Canizalez","email":"gabord4532@gmail.com","fechaEntrada":"2023-05-01","fechaBaja":"","idDepartamento":"1","esJefe":"on","usr":"Admin1","pwd":"admin","fotoActual":""}
===================== 2023-05-19 04:16:14 ==============
{"foto":{"name":"avatar4.png","full_path":"avatar4.png","type":"image\/png","tmp_name":"D:\\xampp\\tmp\\php334B.tmp","error":0,"size":13543}}
===================== 2023-05-19 04:16:22 ==============
{"op":"listar","_":"1684462582021"}
===================== 2023-05-19 04:16:22 ==============
[]
===================== 2023-05-19 04:16:22 ==============
[]
===================== 2023-05-19 04:17:39 ==============
{"op":"listar","_":"1684462659530"}
===================== 2023-05-19 04:17:39 ==============
[]
===================== 2023-05-19 04:17:39 ==============
[]
===================== 2023-05-19 04:22:28 ==============
{"op":"listar","_":"1684462948077"}
===================== 2023-05-19 04:22:28 ==============
[]
===================== 2023-05-19 04:22:28 ==============
[]
===================== 2023-05-19 04:23:16 ==============
{"op":"listar","_":"1684462995875"}
===================== 2023-05-19 04:23:16 ==============
[]
===================== 2023-05-19 04:23:16 ==============
[]
===================== 2023-05-19 04:24:03 ==============
{"op":"listar","_":"1684463043566"}
===================== 2023-05-19 04:24:03 ==============
[]
===================== 2023-05-19 04:24:03 ==============
[]
===================== 2023-05-19 04:24:09 ==============
{"op":"listar","_":"1684463049014"}
===================== 2023-05-19 04:24:09 ==============
[]
===================== 2023-05-19 04:24:09 ==============
[]
===================== 2023-05-19 04:24:15 ==============
{"op":"listar","_":"1684463055646"}
===================== 2023-05-19 04:24:15 ==============
[]
===================== 2023-05-19 04:24:15 ==============
[]
===================== 2023-05-19 04:26:02 ==============
{"op":"listar","_":"1684463161905"}
===================== 2023-05-19 04:26:02 ==============
[]
===================== 2023-05-19 04:26:02 ==============
[]
===================== 2023-05-19 04:26:07 ==============
{"op":"listar","_":"1684463167656"}
===================== 2023-05-19 04:26:07 ==============
[]
===================== 2023-05-19 04:26:07 ==============
[]
===================== 2023-05-19 04:26:14 ==============
{"op":"listar","_":"1684463174748"}
===================== 2023-05-19 04:26:14 ==============
[]
===================== 2023-05-19 04:26:14 ==============
[]
===================== 2023-05-19 04:26:55 ==============
{"op":"listar","_":"1684463214755"}
===================== 2023-05-19 04:26:55 ==============
[]
===================== 2023-05-19 04:26:55 ==============
[]
===================== 2023-05-19 04:27:10 ==============
{"op":"listar","_":"1684463230276"}
===================== 2023-05-19 04:27:10 ==============
[]
===================== 2023-05-19 04:27:10 ==============
[]
===================== 2023-05-19 04:27:15 ==============
{"op":"listar","_":"1684463234886"}
===================== 2023-05-19 04:27:15 ==============
[]
===================== 2023-05-19 04:27:15 ==============
[]
===================== 2023-05-19 04:27:21 ==============
{"op":"listar","_":"1684463240667"}
===================== 2023-05-19 04:27:21 ==============
[]
===================== 2023-05-19 04:27:21 ==============
[]
===================== 2023-05-19 04:29:42 ==============
{"op":"listar","_":"1684463382007"}
===================== 2023-05-19 04:29:42 ==============
[]
===================== 2023-05-19 04:29:42 ==============
[]
===================== 2023-05-23 02:51:39 ==============
===================== 2023-05-23 02:51:39 ==============
ajax_empleado_case:Mostrar
===================== 2023-05-23 02:51:39 ==============
null
===================== 2023-05-23 02:51:55 ==============
ajax_empleado_case:Mostrar
===================== 2023-05-23 02:51:55 ==============
null
===================== 2023-05-23 02:51:58 ==============
ajax_empleado_case:Mostrar
===================== 2023-05-23 02:51:58 ==============
null
===================== 2023-05-23 02:52:00 ==============
ajax_empleado_case:Mostrar
===================== 2023-05-23 02:52:00 ==============
null
===================== 2023-05-23 02:55:09 ==============
ajax_empleado_case:Mostrar
===================== 2023-05-23 02:55:09 ==============
{"idEmpleado":"3","nombre":"elFDcmlWb0ZJckxpUWpLVUdjNnptdz09OjqJm5Jjd+l6R9Fdz\/mFDA5W","primerApellido":"QWs1Rnpjb2hwaVA5T0lBQmxRMkhYQT09OjozpGG888CztpGyG+zw7kUP","segundoApellido":"M05LVG9LMVVGbjJBZE8weldIVHJMZz09Ojor\/IJG7mAHTY9fsr9wr+hB","email":"yozu@gmail.com","fechaEntrada":"2023-05-11 00:00:00","fechaBaja":"0000-00-00 00:00:00","idDepartamento":"1","idJefe":"0","esJefe":"0","usr":"azu","pwd":"$2y$11$jXO8cFa8QYT8DNU5.zACD.5FxJ2BPAJzOxe5JhVLvzmedNK.bN6r6","foto":"default.png","activo":"1","fechaCreacion":"2023-05-18 20:35:32","fechaActualizacion":"2023-05-18 20:35:32","idEmpActualiza":"1"}
===================== 2023-05-23 03:06:02 ==============
ajax_empleado_case:Mostrar
===================== 2023-05-23 03:06:02 ==============
{"idEmpleado":"2","nombre":"dGxFaW5VaEFDSE5jdGFZbjllMEowZz09OjqYehZJ03TrlGSLYuQ0g94B","primerApellido":"YmIyOWxPY3VCZmRmRjlyUlZxQk92UT09Ojpm0EBNkTbEbQc7KmpdJe\/n","segundoApellido":"bXk2R291UXdGMS9iL0JVR3c1dzZBZz09OjpHhRq5RRX4HfikuAkdm1yM","email":"gabord4532@gmail.com","fechaEntrada":"2023-05-01 00:00:00","fechaBaja":"0000-00-00 00:00:00","idDepartamento":"1","idJefe":"1","esJefe":"1","usr":"Admin1","pwd":"$2y$11$WoRBdAscw5dGfw3lO.eZouUB1\/2\/\/ZP8KZejPb0SkfBgesa4Dv7Q2","foto":"1684462575.png","activo":"1","fechaCreacion":"2023-05-18 20:16:15","fechaActualizacion":"2023-05-18 20:16:15","idEmpActualiza":"1"}
===================== 2023-05-23 03:18:22 ==============
ajax_empleado_case:Mostrar
===================== 2023-05-23 03:18:22 ==============
{"idEmpleado":"3","nombre":"elFDcmlWb0ZJckxpUWpLVUdjNnptdz09OjqJm5Jjd+l6R9Fdz\/mFDA5W","primerApellido":"QWs1Rnpjb2hwaVA5T0lBQmxRMkhYQT09OjozpGG888CztpGyG+zw7kUP","segundoApellido":"M05LVG9LMVVGbjJBZE8weldIVHJMZz09Ojor\/IJG7mAHTY9fsr9wr+hB","email":"yozu@gmail.com","fechaEntrada":"2023-05-11 00:00:00","fechaBaja":"0000-00-00 00:00:00","idDepartamento":"1","idJefe":"0","esJefe":"0","usr":"azu","pwd":"$2y$11$jXO8cFa8QYT8DNU5.zACD.5FxJ2BPAJzOxe5JhVLvzmedNK.bN6r6","foto":"default.png","activo":"1","fechaCreacion":"2023-05-18 20:35:32","fechaActualizacion":"2023-05-18 20:35:32","idEmpActualiza":"1"}
===================== 2023-05-23 03:18:26 ==============
ajax_empleado_case:Mostrar
===================== 2023-05-23 03:18:26 ==============
{"idEmpleado":"3","nombre":"elFDcmlWb0ZJckxpUWpLVUdjNnptdz09OjqJm5Jjd+l6R9Fdz\/mFDA5W","primerApellido":"QWs1Rnpjb2hwaVA5T0lBQmxRMkhYQT09OjozpGG888CztpGyG+zw7kUP","segundoApellido":"M05LVG9LMVVGbjJBZE8weldIVHJMZz09Ojor\/IJG7mAHTY9fsr9wr+hB","email":"yozu@gmail.com","fechaEntrada":"2023-05-11 00:00:00","fechaBaja":"0000-00-00 00:00:00","idDepartamento":"1","idJefe":"0","esJefe":"0","usr":"azu","pwd":"$2y$11$jXO8cFa8QYT8DNU5.zACD.5FxJ2BPAJzOxe5JhVLvzmedNK.bN6r6","foto":"default.png","activo":"1","fechaCreacion":"2023-05-18 20:35:32","fechaActualizacion":"2023-05-18 20:35:32","idEmpActualiza":"1"}
===================== 2023-05-23 03:18:27 ==============
ajax_empleado_case:Mostrar
===================== 2023-05-23 03:18:27 ==============
{"idEmpleado":"3","nombre":"elFDcmlWb0ZJckxpUWpLVUdjNnptdz09OjqJm5Jjd+l6R9Fdz\/mFDA5W","primerApellido":"QWs1Rnpjb2hwaVA5T0lBQmxRMkhYQT09OjozpGG888CztpGyG+zw7kUP","segundoApellido":"M05LVG9LMVVGbjJBZE8weldIVHJMZz09Ojor\/IJG7mAHTY9fsr9wr+hB","email":"yozu@gmail.com","fechaEntrada":"2023-05-11 00:00:00","fechaBaja":"0000-00-00 00:00:00","idDepartamento":"1","idJefe":"0","esJefe":"0","usr":"azu","pwd":"$2y$11$jXO8cFa8QYT8DNU5.zACD.5FxJ2BPAJzOxe5JhVLvzmedNK.bN6r6","foto":"default.png","activo":"1","fechaCreacion":"2023-05-18 20:35:32","fechaActualizacion":"2023-05-18 20:35:32","idEmpActualiza":"1"}
===================== 2023-05-23 03:18:32 ==============
ajax_empleado_case:Mostrar
===================== 2023-05-23 03:18:32 ==============
{"idEmpleado":"7","nombre":"dmhjWlltdk5Ra1htM1M1TUVOU2Vndz09OjojmiKpYpHJ1Qyp+oqBH\/HF","primerApellido":"clljTm93bkxHQVVTYkJVN0tNeUx4UT09OjqRMVDlGKU8Gpnw7Jiq5\/ah","segundoApellido":"STZzLzdqYzRGdkUzOGd6ZG42bWtDUT09OjrAMoCscnEGqdMtGXW4X0eP","email":"test@test.com","fechaEntrada":"2023-05-04 00:00:00","fechaBaja":"0000-00-00 00:00:00","idDepartamento":"1","idJefe":"2","esJefe":"0","usr":"testt","pwd":"$2y$11$WgfjlFbCW\/THPpm2M3Ke9.IFt3lA0dAIkX2clbxECUJPHRDCBFZq6","foto":"default.png","activo":"1","fechaCreacion":"2023-05-23 02:37:48","fechaActualizacion":"2023-05-23 02:37:48","idEmpActualiza":"1"}
===================== 2023-05-23 03:20:36 ==============
ajax_empleado_case:Mostrar
===================== 2023-05-23 03:20:36 ==============
{"idEmpleado":"3","nombre":"elFDcmlWb0ZJckxpUWpLVUdjNnptdz09OjqJm5Jjd+l6R9Fdz\/mFDA5W","primerApellido":"QWs1Rnpjb2hwaVA5T0lBQmxRMkhYQT09OjozpGG888CztpGyG+zw7kUP","segundoApellido":"M05LVG9LMVVGbjJBZE8weldIVHJMZz09Ojor\/IJG7mAHTY9fsr9wr+hB","email":"yozu@gmail.com","fechaEntrada":"2023-05-11 00:00:00","fechaBaja":"0000-00-00 00:00:00","idDepartamento":"1","idJefe":"0","esJefe":"0","usr":"azu","pwd":"$2y$11$jXO8cFa8QYT8DNU5.zACD.5FxJ2BPAJzOxe5JhVLvzmedNK.bN6r6","foto":"default.png","activo":"1","fechaCreacion":"2023-05-18 20:35:32","fechaActualizacion":"2023-05-18 20:35:32","idEmpActualiza":"1"}
===================== 2023-05-23 03:28:38 ==============
ajax_empleado_case:Mostrar
===================== 2023-05-23 03:28:38 ==============
{"idEmpleado":"3","nombre":"elFDcmlWb0ZJckxpUWpLVUdjNnptdz09OjqJm5Jjd+l6R9Fdz\/mFDA5W","primerApellido":"QWs1Rnpjb2hwaVA5T0lBQmxRMkhYQT09OjozpGG888CztpGyG+zw7kUP","segundoApellido":"M05LVG9LMVVGbjJBZE8weldIVHJMZz09Ojor\/IJG7mAHTY9fsr9wr+hB","email":"yozu@gmail.com","fechaEntrada":"2023-05-11 00:00:00","fechaBaja":"0000-00-00 00:00:00","idDepartamento":"1","idJefe":"0","esJefe":"0","usr":"azu","pwd":"$2y$11$jXO8cFa8QYT8DNU5.zACD.5FxJ2BPAJzOxe5JhVLvzmedNK.bN6r6","foto":"default.png","activo":"1","fechaCreacion":"2023-05-18 20:35:32","fechaActualizacion":"2023-05-18 20:35:32","idEmpActualiza":"1"}
===================== 2023-05-23 03:29:32 ==============
ajax_empleado_case:Mostrar
===================== 2023-05-23 03:29:32 ==============
{"idEmpleado":"3","nombre":"elFDcmlWb0ZJckxpUWpLVUdjNnptdz09OjqJm5Jjd+l6R9Fdz\/mFDA5W","primerApellido":"QWs1Rnpjb2hwaVA5T0lBQmxRMkhYQT09OjozpGG888CztpGyG+zw7kUP","segundoApellido":"M05LVG9LMVVGbjJBZE8weldIVHJMZz09Ojor\/IJG7mAHTY9fsr9wr+hB","email":"yozu@gmail.com","fechaEntrada":"2023-05-11 00:00:00","fechaBaja":"0000-00-00 00:00:00","idDepartamento":"1","idJefe":"0","esJefe":"0","usr":"azu","pwd":"$2y$11$jXO8cFa8QYT8DNU5.zACD.5FxJ2BPAJzOxe5JhVLvzmedNK.bN6r6","foto":"default.png","activo":"1","fechaCreacion":"2023-05-18 20:35:32","fechaActualizacion":"2023-05-18 20:35:32","idEmpActualiza":"1"}
===================== 2023-05-23 03:30:51 ==============
ajax_empleado_case:Mostrar
===================== 2023-05-23 03:30:51 ==============
{"idEmpleado":"3","nombre":"elFDcmlWb0ZJckxpUWpLVUdjNnptdz09OjqJm5Jjd+l6R9Fdz\/mFDA5W","primerApellido":"QWs1Rnpjb2hwaVA5T0lBQmxRMkhYQT09OjozpGG888CztpGyG+zw7kUP","segundoApellido":"M05LVG9LMVVGbjJBZE8weldIVHJMZz09Ojor\/IJG7mAHTY9fsr9wr+hB","email":"yozu@gmail.com","fechaEntrada":"2023-05-11 00:00:00","fechaBaja":"0000-00-00 00:00:00","idDepartamento":"1","idJefe":"0","esJefe":"0","usr":"azu","pwd":"$2y$11$jXO8cFa8QYT8DNU5.zACD.5FxJ2BPAJzOxe5JhVLvzmedNK.bN6r6","foto":"default.png","activo":"1","fechaCreacion":"2023-05-18 20:35:32","fechaActualizacion":"2023-05-18 20:35:32","idEmpActualiza":"1"}
===================== 2023-05-23 03:37:19 ==============
ajax_empleado_case:Mostrar
===================== 2023-05-23 03:37:19 ==============
{"idEmpleado":"3","nombre":"elFDcmlWb0ZJckxpUWpLVUdjNnptdz09OjqJm5Jjd+l6R9Fdz\/mFDA5W","primerApellido":"QWs1Rnpjb2hwaVA5T0lBQmxRMkhYQT09OjozpGG888CztpGyG+zw7kUP","segundoApellido":"M05LVG9LMVVGbjJBZE8weldIVHJMZz09Ojor\/IJG7mAHTY9fsr9wr+hB","email":"yozu@gmail.com","fechaEntrada":"2023-05-11 00:00:00","fechaBaja":"0000-00-00 00:00:00","idDepartamento":"1","idJefe":"0","esJefe":"0","usr":"azu","pwd":"$2y$11$jXO8cFa8QYT8DNU5.zACD.5FxJ2BPAJzOxe5JhVLvzmedNK.bN6r6","foto":"default.png","activo":"1","fechaCreacion":"2023-05-18 20:35:32","fechaActualizacion":"2023-05-18 20:35:32","idEmpActualiza":"1"}
===================== 2023-05-23 03:40:47 ==============
ajax_empleado_case:Mostrar
===================== 2023-05-23 03:40:47 ==============
{"idEmpleado":"7","nombre":"dmhjWlltdk5Ra1htM1M1TUVOU2Vndz09OjojmiKpYpHJ1Qyp+oqBH\/HF","primerApellido":"clljTm93bkxHQVVTYkJVN0tNeUx4UT09OjqRMVDlGKU8Gpnw7Jiq5\/ah","segundoApellido":"STZzLzdqYzRGdkUzOGd6ZG42bWtDUT09OjrAMoCscnEGqdMtGXW4X0eP","email":"test@test.com","fechaEntrada":"2023-05-04 00:00:00","fechaBaja":"0000-00-00 00:00:00","idDepartamento":"1","idJefe":"2","esJefe":"0","usr":"testt","pwd":"$2y$11$WgfjlFbCW\/THPpm2M3Ke9.IFt3lA0dAIkX2clbxECUJPHRDCBFZq6","foto":"default.png","activo":"1","fechaCreacion":"2023-05-23 02:37:48","fechaActualizacion":"2023-05-23 02:37:48","idEmpActualiza":"1"}
===================== 2023-05-23 03:41:00 ==============
ajax_empleado_case:Mostrar
===================== 2023-05-23 03:41:00 ==============
{"idEmpleado":"3","nombre":"elFDcmlWb0ZJckxpUWpLVUdjNnptdz09OjqJm5Jjd+l6R9Fdz\/mFDA5W","primerApellido":"QWs1Rnpjb2hwaVA5T0lBQmxRMkhYQT09OjozpGG888CztpGyG+zw7kUP","segundoApellido":"M05LVG9LMVVGbjJBZE8weldIVHJMZz09Ojor\/IJG7mAHTY9fsr9wr+hB","email":"yozu@gmail.com","fechaEntrada":"2023-05-11 00:00:00","fechaBaja":"0000-00-00 00:00:00","idDepartamento":"1","idJefe":"0","esJefe":"0","usr":"azu","pwd":"$2y$11$jXO8cFa8QYT8DNU5.zACD.5FxJ2BPAJzOxe5JhVLvzmedNK.bN6r6","foto":"default.png","activo":"1","fechaCreacion":"2023-05-18 20:35:32","fechaActualizacion":"2023-05-18 20:35:32","idEmpActualiza":"1"}
===================== 2023-05-23 03:41:08 ==============
ajax_empleado_case:Mostrar
===================== 2023-05-23 03:41:08 ==============
{"idEmpleado":"2","nombre":"dGxFaW5VaEFDSE5jdGFZbjllMEowZz09OjqYehZJ03TrlGSLYuQ0g94B","primerApellido":"YmIyOWxPY3VCZmRmRjlyUlZxQk92UT09Ojpm0EBNkTbEbQc7KmpdJe\/n","segundoApellido":"bXk2R291UXdGMS9iL0JVR3c1dzZBZz09OjpHhRq5RRX4HfikuAkdm1yM","email":"gabord4532@gmail.com","fechaEntrada":"2023-05-01 00:00:00","fechaBaja":"0000-00-00 00:00:00","idDepartamento":"1","idJefe":"1","esJefe":"1","usr":"Admin1","pwd":"$2y$11$WoRBdAscw5dGfw3lO.eZouUB1\/2\/\/ZP8KZejPb0SkfBgesa4Dv7Q2","foto":"1684462575.png","activo":"1","fechaCreacion":"2023-05-18 20:16:15","fechaActualizacion":"2023-05-18 20:16:15","idEmpActualiza":"1"}
===================== 2023-05-23 03:41:21 ==============
ajax_empleado_case:Mostrar
===================== 2023-05-23 03:41:21 ==============
{"idEmpleado":"3","nombre":"elFDcmlWb0ZJckxpUWpLVUdjNnptdz09OjqJm5Jjd+l6R9Fdz\/mFDA5W","primerApellido":"QWs1Rnpjb2hwaVA5T0lBQmxRMkhYQT09OjozpGG888CztpGyG+zw7kUP","segundoApellido":"M05LVG9LMVVGbjJBZE8weldIVHJMZz09Ojor\/IJG7mAHTY9fsr9wr+hB","email":"yozu@gmail.com","fechaEntrada":"2023-05-11 00:00:00","fechaBaja":"0000-00-00 00:00:00","idDepartamento":"1","idJefe":"0","esJefe":"0","usr":"azu","pwd":"$2y$11$jXO8cFa8QYT8DNU5.zACD.5FxJ2BPAJzOxe5JhVLvzmedNK.bN6r6","foto":"default.png","activo":"1","fechaCreacion":"2023-05-18 20:35:32","fechaActualizacion":"2023-05-18 20:35:32","idEmpActualiza":"1"}
===================== 2023-05-23 03:41:30 ==============
ajax_empleado_case:Mostrar
===================== 2023-05-23 03:41:30 ==============
{"idEmpleado":"7","nombre":"dmhjWlltdk5Ra1htM1M1TUVOU2Vndz09OjojmiKpYpHJ1Qyp+oqBH\/HF","primerApellido":"clljTm93bkxHQVVTYkJVN0tNeUx4UT09OjqRMVDlGKU8Gpnw7Jiq5\/ah","segundoApellido":"STZzLzdqYzRGdkUzOGd6ZG42bWtDUT09OjrAMoCscnEGqdMtGXW4X0eP","email":"test@test.com","fechaEntrada":"2023-05-04 00:00:00","fechaBaja":"0000-00-00 00:00:00","idDepartamento":"1","idJefe":"2","esJefe":"0","usr":"testt","pwd":"$2y$11$WgfjlFbCW\/THPpm2M3Ke9.IFt3lA0dAIkX2clbxECUJPHRDCBFZq6","foto":"default.png","activo":"1","fechaCreacion":"2023-05-23 02:37:48","fechaActualizacion":"2023-05-23 02:37:48","idEmpActualiza":"1"}
===================== 2023-05-23 03:42:39 ==============
ajax_empleado_case:Mostrar
===================== 2023-05-23 03:42:39 ==============
{"idEmpleado":"3","nombre":"elFDcmlWb0ZJckxpUWpLVUdjNnptdz09OjqJm5Jjd+l6R9Fdz\/mFDA5W","primerApellido":"QWs1Rnpjb2hwaVA5T0lBQmxRMkhYQT09OjozpGG888CztpGyG+zw7kUP","segundoApellido":"M05LVG9LMVVGbjJBZE8weldIVHJMZz09Ojor\/IJG7mAHTY9fsr9wr+hB","email":"yozu@gmail.com","fechaEntrada":"2023-05-11 00:00:00","fechaBaja":"0000-00-00 00:00:00","idDepartamento":"1","idJefe":"0","esJefe":"0","usr":"azu","pwd":"$2y$11$jXO8cFa8QYT8DNU5.zACD.5FxJ2BPAJzOxe5JhVLvzmedNK.bN6r6","foto":"default.png","activo":"1","fechaCreacion":"2023-05-18 20:35:32","fechaActualizacion":"2023-05-18 20:35:32","idEmpActualiza":"1"}
===================== 2023-05-23 03:43:32 ==============
ajax_empleado_case:Mostrar
===================== 2023-05-23 03:43:32 ==============
{"idEmpleado":"3","nombre":"elFDcmlWb0ZJckxpUWpLVUdjNnptdz09OjqJm5Jjd+l6R9Fdz\/mFDA5W","primerApellido":"QWs1Rnpjb2hwaVA5T0lBQmxRMkhYQT09OjozpGG888CztpGyG+zw7kUP","segundoApellido":"M05LVG9LMVVGbjJBZE8weldIVHJMZz09Ojor\/IJG7mAHTY9fsr9wr+hB","email":"yozu@gmail.com","fechaEntrada":"2023-05-11 00:00:00","fechaBaja":"0000-00-00 00:00:00","idDepartamento":"1","idJefe":"0","esJefe":"0","usr":"azu","pwd":"$2y$11$jXO8cFa8QYT8DNU5.zACD.5FxJ2BPAJzOxe5JhVLvzmedNK.bN6r6","foto":"default.png","activo":"1","fechaCreacion":"2023-05-18 20:35:32","fechaActualizacion":"2023-05-18 20:35:32","idEmpActualiza":"1"}
===================== 2023-05-23 03:43:56 ==============
ajax_empleado_case:Mostrar
===================== 2023-05-23 03:43:56 ==============
{"idEmpleado":"3","nombre":"elFDcmlWb0ZJckxpUWpLVUdjNnptdz09OjqJm5Jjd+l6R9Fdz\/mFDA5W","primerApellido":"QWs1Rnpjb2hwaVA5T0lBQmxRMkhYQT09OjozpGG888CztpGyG+zw7kUP","segundoApellido":"M05LVG9LMVVGbjJBZE8weldIVHJMZz09Ojor\/IJG7mAHTY9fsr9wr+hB","email":"yozu@gmail.com","fechaEntrada":"2023-05-11 00:00:00","fechaBaja":"0000-00-00 00:00:00","idDepartamento":"1","idJefe":"0","esJefe":"0","usr":"azu","pwd":"$2y$11$jXO8cFa8QYT8DNU5.zACD.5FxJ2BPAJzOxe5JhVLvzmedNK.bN6r6","foto":"default.png","activo":"1","fechaCreacion":"2023-05-18 20:35:32","fechaActualizacion":"2023-05-18 20:35:32","idEmpActualiza":"1"}
===================== 2023-05-23 03:52:50 ==============
ajax_empleado_case:Mostrar
===================== 2023-05-23 03:52:51 ==============
{"idEmpleado":"3","nombre":"elFDcmlWb0ZJckxpUWpLVUdjNnptdz09OjqJm5Jjd+l6R9Fdz\/mFDA5W","primerApellido":"QWs1Rnpjb2hwaVA5T0lBQmxRMkhYQT09OjozpGG888CztpGyG+zw7kUP","segundoApellido":"M05LVG9LMVVGbjJBZE8weldIVHJMZz09Ojor\/IJG7mAHTY9fsr9wr+hB","email":"yozu@gmail.com","fechaEntrada":"2023-05-11 00:00:00","fechaBaja":"0000-00-00 00:00:00","idDepartamento":"1","idJefe":"0","esJefe":"0","usr":"azu","pwd":"$2y$11$jXO8cFa8QYT8DNU5.zACD.5FxJ2BPAJzOxe5JhVLvzmedNK.bN6r6","foto":"default.png","activo":"1","fechaCreacion":"2023-05-18 20:35:32","fechaActualizacion":"2023-05-18 20:35:32","idEmpActualiza":"1"}
===================== 2023-05-23 03:58:04 ==============
ajax_empleado_case:Mostrar
===================== 2023-05-23 03:58:04 ==============
{"idEmpleado":"3","nombre":"elFDcmlWb0ZJckxpUWpLVUdjNnptdz09OjqJm5Jjd+l6R9Fdz\/mFDA5W","primerApellido":"QWs1Rnpjb2hwaVA5T0lBQmxRMkhYQT09OjozpGG888CztpGyG+zw7kUP","segundoApellido":"M05LVG9LMVVGbjJBZE8weldIVHJMZz09Ojor\/IJG7mAHTY9fsr9wr+hB","email":"yozu@gmail.com","fechaEntrada":"2023-05-11 00:00:00","fechaBaja":"0000-00-00 00:00:00","idDepartamento":"1","idJefe":"0","esJefe":"0","usr":"azu","pwd":"$2y$11$jXO8cFa8QYT8DNU5.zACD.5FxJ2BPAJzOxe5JhVLvzmedNK.bN6r6","foto":"default.png","activo":"1","fechaCreacion":"2023-05-18 20:35:32","fechaActualizacion":"2023-05-18 20:35:32","idEmpActualiza":"1"}
===================== 2023-05-23 03:58:46 ==============
ajax_empleado_case:Mostrar
===================== 2023-05-23 03:58:46 ==============
{"idEmpleado":"3","nombre":"elFDcmlWb0ZJckxpUWpLVUdjNnptdz09OjqJm5Jjd+l6R9Fdz\/mFDA5W","primerApellido":"QWs1Rnpjb2hwaVA5T0lBQmxRMkhYQT09OjozpGG888CztpGyG+zw7kUP","segundoApellido":"M05LVG9LMVVGbjJBZE8weldIVHJMZz09Ojor\/IJG7mAHTY9fsr9wr+hB","email":"yozu@gmail.com","fechaEntrada":"2023-05-11 00:00:00","fechaBaja":"0000-00-00 00:00:00","idDepartamento":"1","idJefe":"0","esJefe":"0","usr":"azu","pwd":"$2y$11$jXO8cFa8QYT8DNU5.zACD.5FxJ2BPAJzOxe5JhVLvzmedNK.bN6r6","foto":"default.png","activo":"1","fechaCreacion":"2023-05-18 20:35:32","fechaActualizacion":"2023-05-18 20:35:32","idEmpActualiza":"1"}
===================== 2023-05-23 03:59:12 ==============
ajax_empleado_case:Mostrar
===================== 2023-05-23 03:59:12 ==============
{"idEmpleado":"3","nombre":"elFDcmlWb0ZJckxpUWpLVUdjNnptdz09OjqJm5Jjd+l6R9Fdz\/mFDA5W","primerApellido":"QWs1Rnpjb2hwaVA5T0lBQmxRMkhYQT09OjozpGG888CztpGyG+zw7kUP","segundoApellido":"M05LVG9LMVVGbjJBZE8weldIVHJMZz09Ojor\/IJG7mAHTY9fsr9wr+hB","email":"yozu@gmail.com","fechaEntrada":"2023-05-11 00:00:00","fechaBaja":"0000-00-00 00:00:00","idDepartamento":"1","idJefe":"0","esJefe":"0","usr":"azu","pwd":"$2y$11$jXO8cFa8QYT8DNU5.zACD.5FxJ2BPAJzOxe5JhVLvzmedNK.bN6r6","foto":"default.png","activo":"1","fechaCreacion":"2023-05-18 20:35:32","fechaActualizacion":"2023-05-18 20:35:32","idEmpActualiza":"1"}
===================== 2023-05-23 04:00:39 ==============
ajax_empleado_case:Mostrar
===================== 2023-05-23 04:00:39 ==============
{"idEmpleado":"3","nombre":"elFDcmlWb0ZJckxpUWpLVUdjNnptdz09OjqJm5Jjd+l6R9Fdz\/mFDA5W","primerApellido":"QWs1Rnpjb2hwaVA5T0lBQmxRMkhYQT09OjozpGG888CztpGyG+zw7kUP","segundoApellido":"M05LVG9LMVVGbjJBZE8weldIVHJMZz09Ojor\/IJG7mAHTY9fsr9wr+hB","email":"yozu@gmail.com","fechaEntrada":"2023-05-11 00:00:00","fechaBaja":"0000-00-00 00:00:00","idDepartamento":"1","idJefe":"0","esJefe":"0","usr":"azu","pwd":"$2y$11$jXO8cFa8QYT8DNU5.zACD.5FxJ2BPAJzOxe5JhVLvzmedNK.bN6r6","foto":"default.png","activo":"1","fechaCreacion":"2023-05-18 20:35:32","fechaActualizacion":"2023-05-18 20:35:32","idEmpActualiza":"1"}
===================== 2023-05-23 04:03:23 ==============
ajax_empleado_case:Mostrar
===================== 2023-05-23 04:03:23 ==============
{"idEmpleado":"3","nombre":"elFDcmlWb0ZJckxpUWpLVUdjNnptdz09OjqJm5Jjd+l6R9Fdz\/mFDA5W","primerApellido":"QWs1Rnpjb2hwaVA5T0lBQmxRMkhYQT09OjozpGG888CztpGyG+zw7kUP","segundoApellido":"M05LVG9LMVVGbjJBZE8weldIVHJMZz09Ojor\/IJG7mAHTY9fsr9wr+hB","email":"yozu@gmail.com","fechaEntrada":"2023-05-11 00:00:00","fechaBaja":"0000-00-00 00:00:00","idDepartamento":"1","idJefe":"0","esJefe":"0","usr":"azu","pwd":"$2y$11$jXO8cFa8QYT8DNU5.zACD.5FxJ2BPAJzOxe5JhVLvzmedNK.bN6r6","foto":"default.png","activo":"1","fechaCreacion":"2023-05-18 20:35:32","fechaActualizacion":"2023-05-18 20:35:32","idEmpActualiza":"1"}
===================== 2023-05-23 04:07:04 ==============
ajax_empleado_case:Mostrar
===================== 2023-05-23 04:07:04 ==============
{"idEmpleado":"3","nombre":"elFDcmlWb0ZJckxpUWpLVUdjNnptdz09OjqJm5Jjd+l6R9Fdz\/mFDA5W","primerApellido":"QWs1Rnpjb2hwaVA5T0lBQmxRMkhYQT09OjozpGG888CztpGyG+zw7kUP","segundoApellido":"M05LVG9LMVVGbjJBZE8weldIVHJMZz09Ojor\/IJG7mAHTY9fsr9wr+hB","email":"yozu@gmail.com","fechaEntrada":"2023-05-11 00:00:00","fechaBaja":"0000-00-00 00:00:00","idDepartamento":"1","idJefe":"0","esJefe":"0","usr":"azu","pwd":"$2y$11$jXO8cFa8QYT8DNU5.zACD.5FxJ2BPAJzOxe5JhVLvzmedNK.bN6r6","foto":"default.png","activo":"1","fechaCreacion":"2023-05-18 20:35:32","fechaActualizacion":"2023-05-18 20:35:32","idEmpActualiza":"1"}
===================== 2023-05-23 04:07:50 ==============
ajax_empleado_case:Mostrar
===================== 2023-05-23 04:07:50 ==============
{"idEmpleado":"3","nombre":"elFDcmlWb0ZJckxpUWpLVUdjNnptdz09OjqJm5Jjd+l6R9Fdz\/mFDA5W","primerApellido":"QWs1Rnpjb2hwaVA5T0lBQmxRMkhYQT09OjozpGG888CztpGyG+zw7kUP","segundoApellido":"M05LVG9LMVVGbjJBZE8weldIVHJMZz09Ojor\/IJG7mAHTY9fsr9wr+hB","email":"yozu@gmail.com","fechaEntrada":"2023-05-11 00:00:00","fechaBaja":"0000-00-00 00:00:00","idDepartamento":"1","idJefe":"0","esJefe":"0","usr":"azu","pwd":"$2y$11$jXO8cFa8QYT8DNU5.zACD.5FxJ2BPAJzOxe5JhVLvzmedNK.bN6r6","foto":"default.png","activo":"1","fechaCreacion":"2023-05-18 20:35:32","fechaActualizacion":"2023-05-18 20:35:32","idEmpActualiza":"1"}
===================== 2023-05-23 04:12:18 ==============
ajax_empleado_case:Mostrar
===================== 2023-05-23 04:12:18 ==============
{"idEmpleado":"3","nombre":"elFDcmlWb0ZJckxpUWpLVUdjNnptdz09OjqJm5Jjd+l6R9Fdz\/mFDA5W","primerApellido":"QWs1Rnpjb2hwaVA5T0lBQmxRMkhYQT09OjozpGG888CztpGyG+zw7kUP","segundoApellido":"M05LVG9LMVVGbjJBZE8weldIVHJMZz09Ojor\/IJG7mAHTY9fsr9wr+hB","email":"yozu@gmail.com","fechaEntrada":"2023-05-11 00:00:00","fechaBaja":"0000-00-00 00:00:00","idDepartamento":"1","idJefe":"0","esJefe":"0","usr":"azu","pwd":"$2y$11$jXO8cFa8QYT8DNU5.zACD.5FxJ2BPAJzOxe5JhVLvzmedNK.bN6r6","foto":"default.png","activo":"1","fechaCreacion":"2023-05-18 20:35:32","fechaActualizacion":"2023-05-18 20:35:32","idEmpActualiza":"1"}
===================== 2023-05-23 04:16:35 ==============
ajax_empleado_case:Mostrar
===================== 2023-05-23 04:16:35 ==============
{"idEmpleado":"3","nombre":"elFDcmlWb0ZJckxpUWpLVUdjNnptdz09OjqJm5Jjd+l6R9Fdz\/mFDA5W","primerApellido":"QWs1Rnpjb2hwaVA5T0lBQmxRMkhYQT09OjozpGG888CztpGyG+zw7kUP","segundoApellido":"M05LVG9LMVVGbjJBZE8weldIVHJMZz09Ojor\/IJG7mAHTY9fsr9wr+hB","email":"yozu@gmail.com","fechaEntrada":"2023-05-11 00:00:00","fechaBaja":"0000-00-00 00:00:00","idDepartamento":"1","idJefe":"0","esJefe":"0","usr":"azu","pwd":"$2y$11$jXO8cFa8QYT8DNU5.zACD.5FxJ2BPAJzOxe5JhVLvzmedNK.bN6r6","foto":"default.png","activo":"1","fechaCreacion":"2023-05-18 20:35:32","fechaActualizacion":"2023-05-18 20:35:32","idEmpActualiza":"1"}
===================== 2023-05-23 04:17:25 ==============
ajax_empleado_case:Mostrar
===================== 2023-05-23 04:17:25 ==============
{"idEmpleado":"3","nombre":"elFDcmlWb0ZJckxpUWpLVUdjNnptdz09OjqJm5Jjd+l6R9Fdz\/mFDA5W","primerApellido":"QWs1Rnpjb2hwaVA5T0lBQmxRMkhYQT09OjozpGG888CztpGyG+zw7kUP","segundoApellido":"M05LVG9LMVVGbjJBZE8weldIVHJMZz09Ojor\/IJG7mAHTY9fsr9wr+hB","email":"yozu@gmail.com","fechaEntrada":"2023-05-11 00:00:00","fechaBaja":"0000-00-00 00:00:00","idDepartamento":"1","idJefe":"0","esJefe":"0","usr":"azu","pwd":"$2y$11$jXO8cFa8QYT8DNU5.zACD.5FxJ2BPAJzOxe5JhVLvzmedNK.bN6r6","foto":"default.png","activo":"1","fechaCreacion":"2023-05-18 20:35:32","fechaActualizacion":"2023-05-18 20:35:32","idEmpActualiza":"1"}
===================== 2023-05-23 04:18:39 ==============
ajax_empleado_case:Mostrar
===================== 2023-05-23 04:18:39 ==============
{"idEmpleado":"3","nombre":"elFDcmlWb0ZJckxpUWpLVUdjNnptdz09OjqJm5Jjd+l6R9Fdz\/mFDA5W","primerApellido":"QWs1Rnpjb2hwaVA5T0lBQmxRMkhYQT09OjozpGG888CztpGyG+zw7kUP","segundoApellido":"M05LVG9LMVVGbjJBZE8weldIVHJMZz09Ojor\/IJG7mAHTY9fsr9wr+hB","email":"yozu@gmail.com","fechaEntrada":"2023-05-11 00:00:00","fechaBaja":"0000-00-00 00:00:00","idDepartamento":"1","idJefe":"0","esJefe":"0","usr":"azu","pwd":"$2y$11$jXO8cFa8QYT8DNU5.zACD.5FxJ2BPAJzOxe5JhVLvzmedNK.bN6r6","foto":"default.png","activo":"1","fechaCreacion":"2023-05-18 20:35:32","fechaActualizacion":"2023-05-18 20:35:32","idEmpActualiza":"1"}
===================== 2023-05-23 04:21:06 ==============
ajax_empleado_case:Mostrar
===================== 2023-05-23 04:21:06 ==============
{"idEmpleado":"3","nombre":"elFDcmlWb0ZJckxpUWpLVUdjNnptdz09OjqJm5Jjd+l6R9Fdz\/mFDA5W","primerApellido":"QWs1Rnpjb2hwaVA5T0lBQmxRMkhYQT09OjozpGG888CztpGyG+zw7kUP","segundoApellido":"M05LVG9LMVVGbjJBZE8weldIVHJMZz09Ojor\/IJG7mAHTY9fsr9wr+hB","email":"yozu@gmail.com","fechaEntrada":"2023-05-11 00:00:00","fechaBaja":"0000-00-00 00:00:00","idDepartamento":"1","idJefe":"0","esJefe":"0","usr":"azu","pwd":"$2y$11$jXO8cFa8QYT8DNU5.zACD.5FxJ2BPAJzOxe5JhVLvzmedNK.bN6r6","foto":"default.png","activo":"1","fechaCreacion":"2023-05-18 20:35:32","fechaActualizacion":"2023-05-18 20:35:32","idEmpActualiza":"1"}
===================== 2023-05-23 04:21:24 ==============
ajax_empleado_case:Mostrar
===================== 2023-05-23 04:21:24 ==============
{"idEmpleado":"3","nombre":"elFDcmlWb0ZJckxpUWpLVUdjNnptdz09OjqJm5Jjd+l6R9Fdz\/mFDA5W","primerApellido":"QWs1Rnpjb2hwaVA5T0lBQmxRMkhYQT09OjozpGG888CztpGyG+zw7kUP","segundoApellido":"M05LVG9LMVVGbjJBZE8weldIVHJMZz09Ojor\/IJG7mAHTY9fsr9wr+hB","email":"yozu@gmail.com","fechaEntrada":"2023-05-11 00:00:00","fechaBaja":"0000-00-00 00:00:00","idDepartamento":"1","idJefe":"0","esJefe":"0","usr":"azu","pwd":"$2y$11$jXO8cFa8QYT8DNU5.zACD.5FxJ2BPAJzOxe5JhVLvzmedNK.bN6r6","foto":"default.png","activo":"1","fechaCreacion":"2023-05-18 20:35:32","fechaActualizacion":"2023-05-18 20:35:32","idEmpActualiza":"1"}
===================== 2023-05-23 04:22:05 ==============
ajax_empleado_case:Mostrar
===================== 2023-05-23 04:22:05 ==============
{"idEmpleado":"3","nombre":"elFDcmlWb0ZJckxpUWpLVUdjNnptdz09OjqJm5Jjd+l6R9Fdz\/mFDA5W","primerApellido":"QWs1Rnpjb2hwaVA5T0lBQmxRMkhYQT09OjozpGG888CztpGyG+zw7kUP","segundoApellido":"M05LVG9LMVVGbjJBZE8weldIVHJMZz09Ojor\/IJG7mAHTY9fsr9wr+hB","email":"yozu@gmail.com","fechaEntrada":"2023-05-11 00:00:00","fechaBaja":"0000-00-00 00:00:00","idDepartamento":"1","idJefe":"0","esJefe":"0","usr":"azu","pwd":"$2y$11$jXO8cFa8QYT8DNU5.zACD.5FxJ2BPAJzOxe5JhVLvzmedNK.bN6r6","foto":"default.png","activo":"1","fechaCreacion":"2023-05-18 20:35:32","fechaActualizacion":"2023-05-18 20:35:32","idEmpActualiza":"1"}
===================== 2023-05-23 04:24:31 ==============
ajax_empleado_case:Mostrar
===================== 2023-05-23 04:24:31 ==============
{"idEmpleado":"8","nombre":"UzMyazhYRDhpN0dmTzlSOVNvNFVPZz09Ojrz+aF1gqJYCTifQAOTMlAj","primerApellido":"dHpscFJ1dnc1ODhZQlZwREp6VHVkQT09OjrTyZ\/r87dIWtPfkwqQurca","segundoApellido":"UVNSTkM3SUFWM2NMakE2bzlxZndPUT09OjrXI5N7bBfNFcRvZXkig5N9","email":"sala123q@gmail.coim","fechaEntrada":"2023-05-02 00:00:00","fechaBaja":"0000-00-00 00:00:00","idDepartamento":"1","idJefe":"1","esJefe":"0","usr":"pacheco","pwd":"$2y$11$Lis\/lmR\/6Uj2S8ju0sB07.DQ1rNNPqVS4poU8lm3TcPFmI3NRDjZK","foto":"default.png","activo":"1","fechaCreacion":"2023-05-23 04:23:54","fechaActualizacion":"2023-05-23 04:23:54","idEmpActualiza":"1"}
===================== 2023-05-23 04:25:10 ==============
ajax_empleado_case:Mostrar
===================== 2023-05-23 04:25:10 ==============
{"idEmpleado":"8","nombre":"UzMyazhYRDhpN0dmTzlSOVNvNFVPZz09Ojrz+aF1gqJYCTifQAOTMlAj","primerApellido":"dHpscFJ1dnc1ODhZQlZwREp6VHVkQT09OjrTyZ\/r87dIWtPfkwqQurca","segundoApellido":"UVNSTkM3SUFWM2NMakE2bzlxZndPUT09OjrXI5N7bBfNFcRvZXkig5N9","email":"sala123q@gmail.coim","fechaEntrada":"2023-05-02 00:00:00","fechaBaja":"0000-00-00 00:00:00","idDepartamento":"1","idJefe":"1","esJefe":"0","usr":"pacheco","pwd":"$2y$11$Lis\/lmR\/6Uj2S8ju0sB07.DQ1rNNPqVS4poU8lm3TcPFmI3NRDjZK","foto":"default.png","activo":"1","fechaCreacion":"2023-05-23 04:23:54","fechaActualizacion":"2023-05-23 04:23:54","idEmpActualiza":"1"}
===================== 2023-05-23 04:25:50 ==============
ajax_empleado_case:Mostrar
===================== 2023-05-23 04:25:50 ==============
{"idEmpleado":"8","nombre":"UzMyazhYRDhpN0dmTzlSOVNvNFVPZz09Ojrz+aF1gqJYCTifQAOTMlAj","primerApellido":"dHpscFJ1dnc1ODhZQlZwREp6VHVkQT09OjrTyZ\/r87dIWtPfkwqQurca","segundoApellido":"UVNSTkM3SUFWM2NMakE2bzlxZndPUT09OjrXI5N7bBfNFcRvZXkig5N9","email":"sala123q@gmail.coim","fechaEntrada":"2023-05-02 00:00:00","fechaBaja":"0000-00-00 00:00:00","idDepartamento":"1","idJefe":"1","esJefe":"0","usr":"pacheco","pwd":"$2y$11$Lis\/lmR\/6Uj2S8ju0sB07.DQ1rNNPqVS4poU8lm3TcPFmI3NRDjZK","foto":"default.png","activo":"1","fechaCreacion":"2023-05-23 04:23:54","fechaActualizacion":"2023-05-23 04:23:54","idEmpActualiza":"1"}
===================== 2023-05-23 04:31:38 ==============
ajax_empleado_case:Mostrar
===================== 2023-05-23 04:31:38 ==============
{"idEmpleado":"3","nombre":"elFDcmlWb0ZJckxpUWpLVUdjNnptdz09OjqJm5Jjd+l6R9Fdz\/mFDA5W","primerApellido":"QWs1Rnpjb2hwaVA5T0lBQmxRMkhYQT09OjozpGG888CztpGyG+zw7kUP","segundoApellido":"M05LVG9LMVVGbjJBZE8weldIVHJMZz09Ojor\/IJG7mAHTY9fsr9wr+hB","email":"yozu@gmail.com","fechaEntrada":"2023-05-11 00:00:00","fechaBaja":"0000-00-00 00:00:00","idDepartamento":"1","idJefe":"0","esJefe":"0","usr":"azu","pwd":"$2y$11$jXO8cFa8QYT8DNU5.zACD.5FxJ2BPAJzOxe5JhVLvzmedNK.bN6r6","foto":"default.png","activo":"1","fechaCreacion":"2023-05-18 20:35:32","fechaActualizacion":"2023-05-18 20:35:32","idEmpActualiza":"1"}
===================== 2023-05-23 04:32:16 ==============
ajax_empleado_case:Mostrar
===================== 2023-05-23 04:32:16 ==============
{"idEmpleado":"3","nombre":"elFDcmlWb0ZJckxpUWpLVUdjNnptdz09OjqJm5Jjd+l6R9Fdz\/mFDA5W","primerApellido":"QWs1Rnpjb2hwaVA5T0lBQmxRMkhYQT09OjozpGG888CztpGyG+zw7kUP","segundoApellido":"M05LVG9LMVVGbjJBZE8weldIVHJMZz09Ojor\/IJG7mAHTY9fsr9wr+hB","email":"yozu@gmail.com","fechaEntrada":"2023-05-11 00:00:00","fechaBaja":"0000-00-00 00:00:00","idDepartamento":"1","idJefe":"0","esJefe":"0","usr":"azu","pwd":"$2y$11$jXO8cFa8QYT8DNU5.zACD.5FxJ2BPAJzOxe5JhVLvzmedNK.bN6r6","foto":"default.png","activo":"1","fechaCreacion":"2023-05-18 20:35:32","fechaActualizacion":"2023-05-18 20:35:32","idEmpActualiza":"1"}
===================== 2023-05-23 04:32:20 ==============
ajax_empleado_case:Mostrar
===================== 2023-05-23 04:32:20 ==============
{"idEmpleado":"3","nombre":"elFDcmlWb0ZJckxpUWpLVUdjNnptdz09OjqJm5Jjd+l6R9Fdz\/mFDA5W","primerApellido":"QWs1Rnpjb2hwaVA5T0lBQmxRMkhYQT09OjozpGG888CztpGyG+zw7kUP","segundoApellido":"M05LVG9LMVVGbjJBZE8weldIVHJMZz09Ojor\/IJG7mAHTY9fsr9wr+hB","email":"yozu@gmail.com","fechaEntrada":"2023-05-11 00:00:00","fechaBaja":"0000-00-00 00:00:00","idDepartamento":"1","idJefe":"0","esJefe":"0","usr":"azu","pwd":"$2y$11$jXO8cFa8QYT8DNU5.zACD.5FxJ2BPAJzOxe5JhVLvzmedNK.bN6r6","foto":"default.png","activo":"1","fechaCreacion":"2023-05-18 20:35:32","fechaActualizacion":"2023-05-18 20:35:32","idEmpActualiza":"1"}
===================== 2023-05-23 04:32:48 ==============
ajax_empleado_case:Mostrar
===================== 2023-05-23 04:32:48 ==============
{"idEmpleado":"3","nombre":"elFDcmlWb0ZJckxpUWpLVUdjNnptdz09OjqJm5Jjd+l6R9Fdz\/mFDA5W","primerApellido":"QWs1Rnpjb2hwaVA5T0lBQmxRMkhYQT09OjozpGG888CztpGyG+zw7kUP","segundoApellido":"M05LVG9LMVVGbjJBZE8weldIVHJMZz09Ojor\/IJG7mAHTY9fsr9wr+hB","email":"yozu@gmail.com","fechaEntrada":"2023-05-11 00:00:00","fechaBaja":"0000-00-00 00:00:00","idDepartamento":"1","idJefe":"0","esJefe":"0","usr":"azu","pwd":"$2y$11$jXO8cFa8QYT8DNU5.zACD.5FxJ2BPAJzOxe5JhVLvzmedNK.bN6r6","foto":"default.png","activo":"1","fechaCreacion":"2023-05-18 20:35:32","fechaActualizacion":"2023-05-18 20:35:32","idEmpActualiza":"1"}
===================== 2023-05-23 04:33:01 ==============
ajax_empleado_case:Mostrar
===================== 2023-05-23 04:33:01 ==============
{"idEmpleado":"3","nombre":"elFDcmlWb0ZJckxpUWpLVUdjNnptdz09OjqJm5Jjd+l6R9Fdz\/mFDA5W","primerApellido":"QWs1Rnpjb2hwaVA5T0lBQmxRMkhYQT09OjozpGG888CztpGyG+zw7kUP","segundoApellido":"M05LVG9LMVVGbjJBZE8weldIVHJMZz09Ojor\/IJG7mAHTY9fsr9wr+hB","email":"yozu@gmail.com","fechaEntrada":"2023-05-11 00:00:00","fechaBaja":"0000-00-00 00:00:00","idDepartamento":"1","idJefe":"0","esJefe":"0","usr":"azu","pwd":"$2y$11$jXO8cFa8QYT8DNU5.zACD.5FxJ2BPAJzOxe5JhVLvzmedNK.bN6r6","foto":"default.png","activo":"1","fechaCreacion":"2023-05-18 20:35:32","fechaActualizacion":"2023-05-18 20:35:32","idEmpActualiza":"1"}
===================== 2023-05-23 04:36:16 ==============
ajax_empleado_case:Mostrar
===================== 2023-05-23 04:36:16 ==============
{"idEmpleado":"3","nombre":"elFDcmlWb0ZJckxpUWpLVUdjNnptdz09OjqJm5Jjd+l6R9Fdz\/mFDA5W","primerApellido":"QWs1Rnpjb2hwaVA5T0lBQmxRMkhYQT09OjozpGG888CztpGyG+zw7kUP","segundoApellido":"M05LVG9LMVVGbjJBZE8weldIVHJMZz09Ojor\/IJG7mAHTY9fsr9wr+hB","email":"yozu@gmail.com","fechaEntrada":"2023-05-11 00:00:00","fechaBaja":"0000-00-00 00:00:00","idDepartamento":"1","idJefe":"0","esJefe":"0","usr":"azu","pwd":"$2y$11$jXO8cFa8QYT8DNU5.zACD.5FxJ2BPAJzOxe5JhVLvzmedNK.bN6r6","foto":"default.png","activo":"1","fechaCreacion":"2023-05-18 20:35:32","fechaActualizacion":"2023-05-18 20:35:32","idEmpActualiza":"1"}
===================== 2023-05-23 04:36:22 ==============
ajax_empleado_case:Mostrar
===================== 2023-05-23 04:36:22 ==============
{"idEmpleado":"8","nombre":"UzMyazhYRDhpN0dmTzlSOVNvNFVPZz09Ojrz+aF1gqJYCTifQAOTMlAj","primerApellido":"dHpscFJ1dnc1ODhZQlZwREp6VHVkQT09OjrTyZ\/r87dIWtPfkwqQurca","segundoApellido":"UVNSTkM3SUFWM2NMakE2bzlxZndPUT09OjrXI5N7bBfNFcRvZXkig5N9","email":"sala123q@gmail.coim","fechaEntrada":"2023-05-02 00:00:00","fechaBaja":"0000-00-00 00:00:00","idDepartamento":"1","idJefe":"1","esJefe":"0","usr":"pacheco","pwd":"$2y$11$Lis\/lmR\/6Uj2S8ju0sB07.DQ1rNNPqVS4poU8lm3TcPFmI3NRDjZK","foto":"default.png","activo":"1","fechaCreacion":"2023-05-23 04:23:54","fechaActualizacion":"2023-05-23 04:23:54","idEmpActualiza":"1"}
===================== 2023-05-23 04:37:47 ==============
ajax_empleado_case:Mostrar
===================== 2023-05-23 04:37:47 ==============
{"idEmpleado":"3","nombre":"elFDcmlWb0ZJckxpUWpLVUdjNnptdz09OjqJm5Jjd+l6R9Fdz\/mFDA5W","primerApellido":"QWs1Rnpjb2hwaVA5T0lBQmxRMkhYQT09OjozpGG888CztpGyG+zw7kUP","segundoApellido":"M05LVG9LMVVGbjJBZE8weldIVHJMZz09Ojor\/IJG7mAHTY9fsr9wr+hB","email":"yozu@gmail.com","fechaEntrada":"2023-05-11 00:00:00","fechaBaja":"0000-00-00 00:00:00","idDepartamento":"1","idJefe":"0","esJefe":"0","usr":"azu","pwd":"$2y$11$jXO8cFa8QYT8DNU5.zACD.5FxJ2BPAJzOxe5JhVLvzmedNK.bN6r6","foto":"default.png","activo":"1","fechaCreacion":"2023-05-18 20:35:32","fechaActualizacion":"2023-05-18 20:35:32","idEmpActualiza":"1"}
===================== 2023-05-23 04:37:54 ==============
ajax_empleado_case:Mostrar
===================== 2023-05-23 04:37:54 ==============
{"idEmpleado":"7","nombre":"dmhjWlltdk5Ra1htM1M1TUVOU2Vndz09OjojmiKpYpHJ1Qyp+oqBH\/HF","primerApellido":"clljTm93bkxHQVVTYkJVN0tNeUx4UT09OjqRMVDlGKU8Gpnw7Jiq5\/ah","segundoApellido":"STZzLzdqYzRGdkUzOGd6ZG42bWtDUT09OjrAMoCscnEGqdMtGXW4X0eP","email":"test@test.com","fechaEntrada":"2023-05-04 00:00:00","fechaBaja":"0000-00-00 00:00:00","idDepartamento":"1","idJefe":"2","esJefe":"0","usr":"testt","pwd":"$2y$11$WgfjlFbCW\/THPpm2M3Ke9.IFt3lA0dAIkX2clbxECUJPHRDCBFZq6","foto":"default.png","activo":"1","fechaCreacion":"2023-05-23 02:37:48","fechaActualizacion":"2023-05-23 02:37:48","idEmpActualiza":"1"}
===================== 2023-05-23 04:38:44 ==============
ajax_empleado_case:Mostrar
===================== 2023-05-23 04:38:44 ==============
{"idEmpleado":"3","nombre":"elFDcmlWb0ZJckxpUWpLVUdjNnptdz09OjqJm5Jjd+l6R9Fdz\/mFDA5W","primerApellido":"QWs1Rnpjb2hwaVA5T0lBQmxRMkhYQT09OjozpGG888CztpGyG+zw7kUP","segundoApellido":"M05LVG9LMVVGbjJBZE8weldIVHJMZz09Ojor\/IJG7mAHTY9fsr9wr+hB","email":"yozu@gmail.com","fechaEntrada":"2023-05-11 00:00:00","fechaBaja":"0000-00-00 00:00:00","idDepartamento":"1","idJefe":"0","esJefe":"0","usr":"azu","pwd":"$2y$11$jXO8cFa8QYT8DNU5.zACD.5FxJ2BPAJzOxe5JhVLvzmedNK.bN6r6","foto":"default.png","activo":"1","fechaCreacion":"2023-05-18 20:35:32","fechaActualizacion":"2023-05-18 20:35:32","idEmpActualiza":"1"}
===================== 2023-05-24 02:33:44 ==============
ajax_empleado_case:Mostrar
===================== 2023-05-24 02:33:44 ==============
{"idEmpleado":"6","nombre":"MXN4NmlEUXFoVlE4Uzh6ck9wYU9OQT09OjrjmWoOH1cs7dfzcO1nmkj1","primerApellido":"YWRZSzhrUWNuVEI1MC9nNUI2cUNQdz09Ojr0JNI7CkPZaUeiabbB1MKS","segundoApellido":"VEJSS2JKM2lPanpHMGRGTW9kM3pxZz09OjpatO\/DTY+7cC9tDgTRnPBW","email":"sala123q@gmail.coim","fechaEntrada":"2023-05-02 00:00:00","fechaBaja":"0000-00-00 00:00:00","idDepartamento":"4","idJefe":"0","esJefe":"1","usr":"pacheco","pwd":"$2y$11$OY6tjgmvNU2w9MZM7RTvR.E\/6p.6t.aYJahu8eAprbb37LT.yIFEO","foto":"default.png","activo":"1","fechaCreacion":"2023-05-23 02:18:43","fechaActualizacion":"2023-05-23 02:18:43","idEmpActualiza":"1"}
===================== 2023-05-24 02:33:56 ==============
Ajax empleado - editar iguales valor de hashValidador: b048f8ff92e78600fdcddd790c2804ba0b1ed673572291eaa10e5e02a1c6dc8b || pwd = 
===================== 2023-05-24 02:33:57 ==============
Modelo empleado - editar query =UPDATE empleados SET nombre='c2UwVVpJQTFLMlRlYklTdEplVXgzQT09Ojp5rcILfkdRR4ccWrh6H8jy', primerApellido='K1JqYXVCWENDck5FT05KMnZGay9IUT09OjpGzGwaehVlCuGTMBmsr0zz', segundoApellido='RkpIcHV6K01Tdkw1V1BtczZZUHJ5QT09OjpJW/cfFrAKEZoQvhE0FzcH', email='sala123q@gmail.coim', fechaEntrada='2023-05-02', fechaBaja='', idDepartamento='4', idJefe='1', esJefe='0', usr='pacheco', foto='default.png', fechaActualizacion='2023-05-24', idEmpActualiza='1'
      WHERE idEmpleado='6' 
===================== 2023-05-24 02:34:10 ==============
ajax_empleado_case:Mostrar
===================== 2023-05-24 02:34:10 ==============
{"idEmpleado":"3","nombre":"elFDcmlWb0ZJckxpUWpLVUdjNnptdz09OjqJm5Jjd+l6R9Fdz\/mFDA5W","primerApellido":"QWs1Rnpjb2hwaVA5T0lBQmxRMkhYQT09OjozpGG888CztpGyG+zw7kUP","segundoApellido":"M05LVG9LMVVGbjJBZE8weldIVHJMZz09Ojor\/IJG7mAHTY9fsr9wr+hB","email":"yozu@gmail.com","fechaEntrada":"2023-05-24 00:00:00","fechaBaja":"0000-00-00 00:00:00","idDepartamento":"1","idJefe":"0","esJefe":"0","usr":"azu","pwd":"$2y$11$jXO8cFa8QYT8DNU5.zACD.5FxJ2BPAJzOxe5JhVLvzmedNK.bN6r6","foto":"default.png","activo":"1","fechaCreacion":"2023-05-18 20:35:32","fechaActualizacion":"2023-05-24 00:00:00","idEmpActualiza":"1"}
===================== 2023-05-24 02:34:51 ==============
Ajax empleado - editar iguales valor de hashValidador: b048f8ff92e78600fdcddd790c2804ba0b1ed673572291eaa10e5e02a1c6dc8b || pwd = 
===================== 2023-05-24 02:34:51 ==============
Modelo empleado - editar query =UPDATE empleados SET nombre='Mno3akxMbTVkRVcxSHZXRU5hS3Vwdz09OjpPo7L1nFkU7buCuqcJT0as', primerApellido='S1RrMlF0QmdFMW0vYndiOEEwMGErUT09OjoIKhcr2/s0J9ZkFDea7M4N', segundoApellido='d2xsNEVvQUcrR3JMZTVLcWdNWno5Zz09OjqldztOPj0+UO5GV9YzOrXw', email='yozu@gmail.com', fechaEntrada='2023-05-24', fechaBaja='', idDepartamento='1', idJefe='', esJefe='0', usr='azu', foto='1684917291.png', fechaActualizacion='2023-05-24', idEmpActualiza='1'
      WHERE idEmpleado='3' 
===================== 2023-05-24 02:34:53 ==============
ajax_empleado_case:Mostrar
===================== 2023-05-24 02:34:53 ==============
{"idEmpleado":"3","nombre":"Mno3akxMbTVkRVcxSHZXRU5hS3Vwdz09OjpPo7L1nFkU7buCuqcJT0as","primerApellido":"S1RrMlF0QmdFMW0vYndiOEEwMGErUT09OjoIKhcr2\/s0J9ZkFDea7M4N","segundoApellido":"d2xsNEVvQUcrR3JMZTVLcWdNWno5Zz09OjqldztOPj0+UO5GV9YzOrXw","email":"yozu@gmail.com","fechaEntrada":"2023-05-24 00:00:00","fechaBaja":"0000-00-00 00:00:00","idDepartamento":"1","idJefe":"0","esJefe":"0","usr":"azu","pwd":"$2y$11$jXO8cFa8QYT8DNU5.zACD.5FxJ2BPAJzOxe5JhVLvzmedNK.bN6r6","foto":"1684917291.png","activo":"1","fechaCreacion":"2023-05-18 20:35:32","fechaActualizacion":"2023-05-24 00:00:00","idEmpActualiza":"1"}
===================== 2023-05-24 02:38:49 ==============
ajax_empleado_case:Mostrar
===================== 2023-05-24 02:38:49 ==============
{"idEmpleado":"3","nombre":"Mno3akxMbTVkRVcxSHZXRU5hS3Vwdz09OjpPo7L1nFkU7buCuqcJT0as","primerApellido":"S1RrMlF0QmdFMW0vYndiOEEwMGErUT09OjoIKhcr2\/s0J9ZkFDea7M4N","segundoApellido":"d2xsNEVvQUcrR3JMZTVLcWdNWno5Zz09OjqldztOPj0+UO5GV9YzOrXw","email":"yozu@gmail.com","fechaEntrada":"2023-05-24 00:00:00","fechaBaja":"2023-05-24 00:00:00","idDepartamento":"1","idJefe":"0","esJefe":"0","usr":"azu","pwd":"$2y$11$jXO8cFa8QYT8DNU5.zACD.5FxJ2BPAJzOxe5JhVLvzmedNK.bN6r6","foto":"1684917291.png","activo":"0","fechaCreacion":"2023-05-18 20:35:32","fechaActualizacion":"2023-05-24 00:00:00","idEmpActualiza":"1"}
===================== 2023-11-21 02:11:44 ==============
Ajax empleado - editar diferentes valor de hashValidador: b048f8ff92e78600fdcddd790c2804ba0b1ed673572291eaa10e5e02a1c6dc8b || pwd = $2y$11$.ANLkird8j7hbxNCZvIFx.hIJm4zCkz.XigE.xl19CzACNsNEIj5a
===================== 2023-11-21 02:11:44 ==============
Modelo empleado - editar query =UPDATE empleados SET nombre='bnQreU0zU0cwNVVsR04rZGx6dlpVZz09OjpooV1r2ulABdEFSujssUTD', primerApellido='U2tqbDVoRE9ZTUEzMlJSeTVyWG1Hdz09OjqTxySnJyMpSFsempfni94z', segundoApellido='R3N2U0lwaTM0elA2dS8vMVpZM3h2Zz09OjqoCtFr1iUS+XSK5JM51G9n', email='sala123q@gmail.coim', fechaEntrada='2023-05-08', fechaBaja='', idDepartamento='1', idJefe='9', esJefe='0', usr='test',pwd='$2y$11$.ANLkird8j7hbxNCZvIFx.hIJm4zCkz.XigE.xl19CzACNsNEIj5a', foto='default.png', fechaActualizacion='2023-11-21', idEmpActualiza='1'
      WHERE idEmpleado='4' 
===================== 2023-11-21 02:45:17 ==============
Ajax empleado - editar diferentes valor de hashValidador: b048f8ff92e78600fdcddd790c2804ba0b1ed673572291eaa10e5e02a1c6dc8b || pwd = $2y$11$hABpEYyoOBVGVFMyyCt1Fe9lXovY8Pn4zJ8A0if.Xblrn2lZEmppq
===================== 2023-11-21 02:45:17 ==============
Modelo empleado - editar query =UPDATE empleados SET nombre='WTN2NG1vS1dqa3RDdlFFczVxbmlhdz09OjrvCa4vGky5+LN3Z50WHSfI', primerApellido='YmMwNDM3TXBuQlpxaE5CelEvcHhxQT09OjrngKK5hL/dlTRw0JWSgiPi', segundoApellido='ZCsvVktmU3pGRi9zRDlaeGVZam1JUT09OjqWRo69Dhtb9rkdFFf8qzd7', email='yozu@gmail.com', fechaEntrada='2023-11-21', fechaBaja='', idDepartamento='1', idJefe='', esJefe='0', usr='azu',pwd='$2y$11$hABpEYyoOBVGVFMyyCt1Fe9lXovY8Pn4zJ8A0if.Xblrn2lZEmppq', foto='default.png', fechaActualizacion='2023-11-21', idEmpActualiza='9'
      WHERE idEmpleado='3' 
===================== 2023-11-22 23:28:28 ==============
Ajax empleado - editar iguales valor de hashValidador: b048f8ff92e78600fdcddd790c2804ba0b1ed673572291eaa10e5e02a1c6dc8b || pwd = 
===================== 2023-11-22 23:28:28 ==============
Modelo empleado - editar query =UPDATE empleados SET nombre='amh1a25FVUl3TndlT05QNjUrNm5hZz09OjqiU7k65nKFC6uAOUUY/aWh', primerApellido='dVBmbEdXeWpsb3V3R0tLRHhHWm5kQT09Ojq/4bEqJs7KVDV5rBGxvbzA', segundoApellido='UnE1TEQyOEY3ejhKSDlSKy9NNDlSZz09OjqAH+Mi7F6H3yQ7AzkGL8XY', email='yozu@gmail.com', fechaEntrada='2023-11-21', fechaBaja='2023-11-21', idDepartamento='1', idJefe='', esJefe='0', usr='azu', foto='default.png', fechaActualizacion='2023-11-22', idEmpActualiza='9'
      WHERE idEmpleado='3' 
===================== 2023-11-23 10:32:09 ==============
{"op":"listar","_":"1700731928845"}
===================== 2023-11-23 10:32:09 ==============
[]
===================== 2023-11-23 10:32:27 ==============
{"op":"guardaryeditar"}
===================== 2023-11-23 10:32:27 ==============
{"idGasto":"","descripcion":"luz","fechaGasto":"2023-11-01","gasto":"500","idCategoria":""}
===================== 2023-11-23 10:32:27 ==============
{"op":"listar","_":"1700731928846"}
===================== 2023-11-23 10:32:27 ==============
[]
===================== 2023-11-23 10:49:40 ==============
{"op":"listar","_":"1700732979739"}
===================== 2023-11-23 10:49:40 ==============
[]
===================== 2023-11-23 10:50:02 ==============
{"op":"guardaryeditar"}
===================== 2023-11-23 10:50:02 ==============
{"idGasto":"","descripcion":"luz oct","fechaGasto":"2023-11-01","gasto":"500","idCategoria":""}
===================== 2023-11-23 10:50:02 ==============
{"op":"listar","_":"1700732979740"}
===================== 2023-11-23 10:50:02 ==============
[]



===================== 2023-11-23 10:52:49 ==============
{"op":"listar","_":"1700733169082"}
===================== 2023-11-23 10:52:49 ==============
[]
===================== 2023-11-23 10:55:55 ==============
{"op":"listar","_":"1700733354682"}
===================== 2023-11-23 10:55:55 ==============
[]
===================== 2023-11-23 10:56:09 ==============
{"op":"guardaryeditar"}
===================== 2023-11-23 10:56:09 ==============
{"idGasto":"","descripcion":"luxxxx","fechaGasto":"2023-11-01","gasto":"500","idCategoria":""}
===================== 2023-11-23 10:56:09 ==============
{"op":"listar","_":"1700733354683"}
===================== 2023-11-23 10:56:09 ==============
[]
===================== 2023-11-23 11:05:05 ==============
{"op":"listar","_":"1700733904830"}
===================== 2023-11-23 11:05:05 ==============
[]
===================== 2023-11-23 11:07:32 ==============
{"op":"listar","_":"1700734051964"}
===================== 2023-11-23 11:07:32 ==============
[]
===================== 2023-11-23 11:07:46 ==============
{"op":"guardaryeditar"}
===================== 2023-11-23 11:07:46 ==============
{"idGasto":"","descripcion":"dess","fechaGasto":"2023-11-01","gasto":"500","idCategoria":""}
===================== 2023-11-23 11:07:46 ==============
{"op":"listar","_":"1700734051965"}
===================== 2023-11-23 11:07:46 ==============
[]
===================== 2023-11-23 11:08:58 ==============
{"op":"listar","_":"1700734137781"}
===================== 2023-11-23 11:08:58 ==============
[]
===================== 2023-11-23 11:09:14 ==============
{"op":"guardaryeditar"}
===================== 2023-11-23 11:09:14 ==============
{"idGasto":"","descripcion":"eddd","fechaGasto":"2023-11-01","gasto":"500","idCategoria":""}
===================== 2023-11-23 11:09:14 ==============
{"op":"listar","_":"1700734137782"}
===================== 2023-11-23 11:09:14 ==============
[]
===================== 2023-11-23 11:13:17 ==============
{"op":"listar","_":"1700734397406"}
===================== 2023-11-23 11:13:17 ==============
[]
===================== 2023-11-23 11:13:31 ==============
{"op":"guardaryeditar"}
===================== 2023-11-23 11:13:31 ==============
{"idGasto":"","descripcion":"less","fechaGasto":"2023-11-01","gasto":"5000","idCategoria":""}
===================== 2023-11-23 11:13:31 ==============
{"op":"listar","_":"1700734397407"}
===================== 2023-11-23 11:13:31 ==============
[]
===================== 2023-11-23 11:14:29 ==============
{"op":"listar","_":"1700734468778"}
===================== 2023-11-23 11:14:29 ==============
[]
===================== 2023-11-23 11:20:15 ==============
{"op":"listar","_":"1700734814947"}
===================== 2023-11-23 11:20:15 ==============
[]
===================== 2023-11-23 11:20:50 ==============
{"op":"listar","_":"1700734850127"}
===================== 2023-11-23 11:20:50 ==============
[]
===================== 2023-11-23 11:21:44 ==============
{"op":"listar","_":"1700734904478"}
===================== 2023-11-23 11:21:44 ==============
[]
===================== 2023-11-23 11:22:12 ==============
{"op":"guardaryeditar"}
===================== 2023-11-23 11:22:12 ==============
{"idGasto":"","descripcion":"luc sep","fechaGasto":"2023-09-01","gasto":"600","idCategoria":"6"}
===================== 2023-11-23 11:22:12 ==============
{"op":"listar","_":"1700734904479"}
===================== 2023-11-23 11:22:12 ==============
[]
===================== 2023-11-23 11:25:02 ==============
{"op":"listar","_":"1700735101802"}
===================== 2023-11-23 11:25:02 ==============
[]
===================== 2023-11-23 11:25:20 ==============
{"op":"guardaryeditar"}
===================== 2023-11-23 11:25:20 ==============
{"idGasto":"","descripcion":"deslux","fechaGasto":"2023-11-04","gasto":"1000","idCategoria":"2"}
===================== 2023-11-23 11:25:20 ==============
{"op":"listar","_":"1700735101803"}
===================== 2023-11-23 11:25:20 ==============
[]
===================== 2023-11-23 11:35:14 ==============
{"op":"listar","_":"1700735714372"}
===================== 2023-11-23 11:35:14 ==============
[]
===================== 2023-11-23 11:35:35 ==============
{"op":"guardaryeditar"}
===================== 2023-11-23 11:35:35 ==============
{"idGasto":"","descripcion":"desx","fechaGasto":"2023-11-03","gasto":"200","idCategoria":"5"}
===================== 2023-11-23 11:35:35 ==============
{"op":"listar","_":"1700735714373"}
===================== 2023-11-23 11:35:35 ==============
[]
===================== 2023-11-23 11:36:17 ==============
{"op":"listar","_":"1700735777396"}
===================== 2023-11-23 11:36:17 ==============
[]
===================== 2023-11-23 11:36:32 ==============
{"op":"guardaryeditar"}
===================== 2023-11-23 11:36:32 ==============
{"idGasto":"","descripcion":"lesd","fechaGasto":"2023-11-01","gasto":"200","idCategoria":"2"}
===================== 2023-11-23 11:36:32 ==============
{"op":"listar","_":"1700735777397"}
===================== 2023-11-23 11:36:32 ==============
[]
===================== 2023-11-30 12:51:19 ==============
Ajax empleado - editar iguales valor de hashValidador: b048f8ff92e78600fdcddd790c2804ba0b1ed673572291eaa10e5e02a1c6dc8b || pwd = 
===================== 2023-11-30 12:51:19 ==============
Modelo empleado - editar query =UPDATE empleados SET nombre='c1BMaXNqMXlvbVEwV2lrbFNqSjBrQT09OjrKFi3TkY7C2A414OsrZd0C', primerApellido='ZDNmY1JVVUF6WHp5K2RJbEw0clNNUT09OjrknI41zlUPfP9AStuHjed7', segundoApellido='QVAwdjhBdUJxODVML05FK2FmbW1nZz09OjqAngYdMOt6l37p48q/252M', email='yozu@gmail.com', fechaEntrada='2023-11-22', fechaBaja='', idDepartamento='1', idJefe='', esJefe='0', usr='azu', foto='default.png', fechaActualizacion='2023-11-30', idEmpActualiza='9'
      WHERE idEmpleado='3' 
===================== 2023-11-30 13:17:56 ==============
ajax empleado mostrar
===================== 2023-11-30 13:17:56 ==============
{"idGasto":"6","fechaGasto":"2023-11-29 00:00:00","descripcionGasto":"agendas 2024","idCategoria":"7","gasto":"2000","activo":"1","fechaCreacion":"2023-11-23 07:18:52","fechaActualizacion":"2023-11-30 13:04:15","idEmpActualiza":"9"}
===================== 2023-11-30 13:19:21 ==============
ajax empleado mostrar
===================== 2023-11-30 13:19:21 ==============
{"idGasto":"6","fechaGasto":"2023-11-29 00:00:00","descripcionGasto":"agendas 2024","idCategoria":"7","gasto":"2000","activo":"1","fechaCreacion":"2023-11-23 07:18:52","fechaActualizacion":"2023-11-30 13:04:15","idEmpActualiza":"9"}
===================== 2023-11-30 13:19:44 ==============
ajax empleado mostrar
===================== 2023-11-30 13:19:44 ==============
{"idGasto":"6","fechaGasto":"2023-11-29 00:00:00","descripcionGasto":"agendas 2024","idCategoria":"7","gasto":"2000","activo":"1","fechaCreacion":"2023-11-23 07:18:52","fechaActualizacion":"2023-11-30 13:04:15","idEmpActualiza":"9"}
